<?xml version="1.0" encoding="UTF-8"?>
<testsuite name="shop.jujubebat.springboot.web.IndexControllerTest" tests="1" skipped="0" failures="0" errors="0" timestamp="2020-09-09T06:47:05" hostname="DESKTOP-UB499D6" time="0.168">
  <properties/>
  <testcase name="메인페이지_로딩_테스트" classname="shop.jujubebat.springboot.web.IndexControllerTest" time="0.168"/>
  <system-out><![CDATA[2020-09-09 15:47:03.507  INFO 24936 --- [    Test worker] .b.t.c.SpringBootTestContextBootstrapper : Neither @ContextConfiguration nor @ContextHierarchy found for test class [shop.jujubebat.springboot.web.IndexControllerTest], using SpringBootContextLoader
2020-09-09 15:47:03.507  INFO 24936 --- [    Test worker] o.s.t.c.support.AbstractContextLoader    : Could not detect default resource locations for test class [shop.jujubebat.springboot.web.IndexControllerTest]: no resource found for suffixes {-context.xml, Context.groovy}.
2020-09-09 15:47:03.508  INFO 24936 --- [    Test worker] t.c.s.AnnotationConfigContextLoaderUtils : Could not detect default configuration classes for test class [shop.jujubebat.springboot.web.IndexControllerTest]: IndexControllerTest does not declare any static, non-private, non-final, nested classes annotated with @Configuration.
2020-09-09 15:47:03.509  INFO 24936 --- [    Test worker] .b.t.c.SpringBootTestContextBootstrapper : Found @SpringBootConfiguration shop.jujubebat.springboot.Application for test class shop.jujubebat.springboot.web.IndexControllerTest
2020-09-09 15:47:03.510  INFO 24936 --- [    Test worker] .b.t.c.SpringBootTestContextBootstrapper : Loaded default TestExecutionListener class names from location [META-INF/spring.factories]: [org.springframework.security.test.context.support.WithSecurityContextTestExecutionListener, org.springframework.security.test.context.support.ReactorContextTestExecutionListener, org.springframework.boot.test.autoconfigure.restdocs.RestDocsTestExecutionListener, org.springframework.boot.test.autoconfigure.web.client.MockRestServiceServerResetTestExecutionListener, org.springframework.boot.test.autoconfigure.web.servlet.MockMvcPrintOnlyOnFailureTestExecutionListener, org.springframework.boot.test.autoconfigure.web.servlet.WebDriverTestExecutionListener, org.springframework.boot.test.mock.mockito.MockitoTestExecutionListener, org.springframework.boot.test.mock.mockito.ResetMocksTestExecutionListener, org.springframework.test.context.web.ServletTestExecutionListener, org.springframework.test.context.support.DirtiesContextBeforeModesTestExecutionListener, org.springframework.test.context.support.DependencyInjectionTestExecutionListener, org.springframework.test.context.support.DirtiesContextTestExecutionListener, org.springframework.test.context.transaction.TransactionalTestExecutionListener, org.springframework.test.context.jdbc.SqlScriptsTestExecutionListener]
2020-09-09 15:47:03.511  INFO 24936 --- [    Test worker] .b.t.c.SpringBootTestContextBootstrapper : Using TestExecutionListeners: [org.springframework.test.context.web.ServletTestExecutionListener@159dfed9, org.springframework.test.context.support.DirtiesContextBeforeModesTestExecutionListener@1e929d0b, org.springframework.boot.test.mock.mockito.MockitoTestExecutionListener@5f2b579c, org.springframework.boot.test.autoconfigure.SpringBootDependencyInjectionTestExecutionListener@d453ed, org.springframework.test.context.support.DirtiesContextTestExecutionListener@7ac50e18, org.springframework.test.context.transaction.TransactionalTestExecutionListener@70b5be8e, org.springframework.test.context.jdbc.SqlScriptsTestExecutionListener@752790b3, org.springframework.security.test.context.support.WithSecurityContextTestExecutionListener@57ceeec1, org.springframework.security.test.context.support.ReactorContextTestExecutionListener@5298fee, org.springframework.boot.test.autoconfigure.restdocs.RestDocsTestExecutionListener@58b5100b, org.springframework.boot.test.autoconfigure.web.client.MockRestServiceServerResetTestExecutionListener@115eb1a6, org.springframework.boot.test.autoconfigure.web.servlet.MockMvcPrintOnlyOnFailureTestExecutionListener@3146edaa, org.springframework.boot.test.autoconfigure.web.servlet.WebDriverTestExecutionListener@78d95293, org.springframework.boot.test.mock.mockito.ResetMocksTestExecutionListener@81c20cb]

  .   ____          _            __ _ _
 /\\ / ___'_ __ _ _(_)_ __  __ _ \ \ \ \
( ( )\___ | '_ | '_| | '_ \/ _` | \ \ \ \
 \\/  ___)| |_)| | | | | || (_| |  ) ) ) )
  '  |____| .__|_| |_|_| |_\__, | / / / /
 =========|_|==============|___/=/_/_/_/
 :: Spring Boot ::        (v2.1.7.RELEASE)

2020-09-09 15:47:03.555  INFO 24936 --- [    Test worker] s.j.springboot.web.IndexControllerTest   : Starting IndexControllerTest on DESKTOP-UB499D6 with PID 24936 (started by bbwwp in C:\Users\bbwwp\IdeaProjects\springboot2-webservice)
2020-09-09 15:47:03.555  INFO 24936 --- [    Test worker] s.j.springboot.web.IndexControllerTest   : The following profiles are active: oauth
2020-09-09 15:47:03.748  INFO 24936 --- [    Test worker] .s.d.r.c.RepositoryConfigurationDelegate : Bootstrapping Spring Data repositories in DEFAULT mode.
2020-09-09 15:47:03.778  INFO 24936 --- [    Test worker] .s.d.r.c.RepositoryConfigurationDelegate : Finished Spring Data repository scanning in 30ms. Found 2 repository interfaces.
2020-09-09 15:47:03.855  INFO 24936 --- [    Test worker] trationDelegate$BeanPostProcessorChecker : Bean 'org.springframework.transaction.annotation.ProxyTransactionManagementConfiguration' of type [org.springframework.transaction.annotation.ProxyTransactionManagementConfiguration$$EnhancerBySpringCGLIB$$a5be02f4] is not eligible for getting processed by all BeanPostProcessors (for example: not eligible for auto-proxying)
2020-09-09 15:47:04.074  INFO 24936 --- [    Test worker] o.s.b.w.embedded.tomcat.TomcatWebServer  : Tomcat initialized with port(s): 0 (http)
2020-09-09 15:47:04.097  INFO 24936 --- [    Test worker] o.apache.catalina.core.StandardService   : Starting service [Tomcat]
2020-09-09 15:47:04.098  INFO 24936 --- [    Test worker] org.apache.catalina.core.StandardEngine  : Starting Servlet engine: [Apache Tomcat/9.0.22]
2020-09-09 15:47:04.250  INFO 24936 --- [    Test worker] o.a.c.c.C.[Tomcat].[localhost].[/]       : Initializing Spring embedded WebApplicationContext
2020-09-09 15:47:04.250  INFO 24936 --- [    Test worker] o.s.web.context.ContextLoader            : Root WebApplicationContext: initialization completed in 693 ms
2020-09-09 15:47:04.402  INFO 24936 --- [    Test worker] com.zaxxer.hikari.HikariDataSource       : HikariPool-2 - Starting...
2020-09-09 15:47:04.403  INFO 24936 --- [    Test worker] com.zaxxer.hikari.HikariDataSource       : HikariPool-2 - Start completed.
2020-09-09 15:47:04.443  INFO 24936 --- [    Test worker] o.hibernate.jpa.internal.util.LogHelper  : HHH000204: Processing PersistenceUnitInfo [
	name: default
	...]
2020-09-09 15:47:04.462  INFO 24936 --- [    Test worker] org.hibernate.dialect.Dialect            : HHH000400: Using dialect: org.hibernate.dialect.MySQL5InnoDBDialect
Hibernate: drop table if exists posts
Hibernate: drop table if exists user
Hibernate: create table posts (id bigint not null auto_increment, created_date datetime, modified_date datetime, author varchar(255), content TEXT not null, title varchar(500) not null, primary key (id)) engine=InnoDB
Hibernate: create table user (id bigint not null auto_increment, created_date datetime, modified_date datetime, email varchar(255) not null, name varchar(255) not null, picture varchar(255), role varchar(255) not null, primary key (id)) engine=InnoDB
2020-09-09 15:47:04.519  INFO 24936 --- [    Test worker] o.h.t.schema.internal.SchemaCreatorImpl  : HHH000476: Executing import script 'org.hibernate.tool.schema.internal.exec.ScriptSourceInputNonExistentImpl@3050982'
2020-09-09 15:47:04.519  INFO 24936 --- [    Test worker] j.LocalContainerEntityManagerFactoryBean : Initialized JPA EntityManagerFactory for persistence unit 'default'
2020-09-09 15:47:04.806  INFO 24936 --- [    Test worker] o.h.h.i.QueryTranslatorFactoryInitiator  : HHH000397: Using ASTQueryTranslatorFactory
2020-09-09 15:47:04.945  INFO 24936 --- [    Test worker] o.s.s.web.DefaultSecurityFilterChain     : Creating filter chain: any request, [org.springframework.security.web.context.request.async.WebAsyncManagerIntegrationFilter@15736c6b, org.springframework.security.web.context.SecurityContextPersistenceFilter@2fdbed9f, org.springframework.security.web.header.HeaderWriterFilter@7f19b1c2, org.springframework.security.web.authentication.logout.LogoutFilter@38672d07, org.springframework.security.oauth2.client.web.OAuth2AuthorizationRequestRedirectFilter@357f8d94, org.springframework.security.oauth2.client.web.OAuth2LoginAuthenticationFilter@7f9a3a98, org.springframework.security.web.authentication.ui.DefaultLoginPageGeneratingFilter@48208689, org.springframework.security.web.authentication.ui.DefaultLogoutPageGeneratingFilter@51cf61d2, org.springframework.security.web.savedrequest.RequestCacheAwareFilter@51e27ee2, org.springframework.security.web.servletapi.SecurityContextHolderAwareRequestFilter@634742bd, org.springframework.security.web.authentication.AnonymousAuthenticationFilter@18954552, org.springframework.security.web.session.SessionManagementFilter@796a44d8, org.springframework.security.web.access.ExceptionTranslationFilter@150d6957, org.springframework.security.web.access.intercept.FilterSecurityInterceptor@7fc767f0]
2020-09-09 15:47:05.114  INFO 24936 --- [    Test worker] o.s.s.concurrent.ThreadPoolTaskExecutor  : Initializing ExecutorService 'applicationTaskExecutor'
2020-09-09 15:47:05.131  WARN 24936 --- [    Test worker] aWebConfiguration$JpaWebMvcConfiguration : spring.jpa.open-in-view is enabled by default. Therefore, database queries may be performed during view rendering. Explicitly configure spring.jpa.open-in-view to disable this warning
2020-09-09 15:47:05.157  INFO 24936 --- [    Test worker] o.s.b.a.w.s.WelcomePageHandlerMapping    : Adding welcome page template: index
2020-09-09 15:47:05.405  INFO 24936 --- [    Test worker] s.a.ScheduledAnnotationBeanPostProcessor : No TaskScheduler/ScheduledExecutorService bean found for scheduled processing
2020-09-09 15:47:05.422  INFO 24936 --- [    Test worker] o.s.b.w.embedded.tomcat.TomcatWebServer  : Tomcat started on port(s): 52891 (http) with context path ''
2020-09-09 15:47:05.423  INFO 24936 --- [    Test worker] s.j.springboot.web.IndexControllerTest   : Started IndexControllerTest in 1.911 seconds (JVM running for 9.49)
2020-09-09 15:47:05.508  INFO 24936 --- [o-auto-1-exec-1] o.a.c.c.C.[Tomcat].[localhost].[/]       : Initializing Spring DispatcherServlet 'dispatcherServlet'
2020-09-09 15:47:05.509  INFO 24936 --- [o-auto-1-exec-1] o.s.web.servlet.DispatcherServlet        : Initializing Servlet 'dispatcherServlet'
2020-09-09 15:47:05.529  INFO 24936 --- [o-auto-1-exec-1] o.s.web.servlet.DispatcherServlet        : Completed initialization in 20 ms
Hibernate: select posts0_.id as id1_0_, posts0_.created_date as created_2_0_, posts0_.modified_date as modified3_0_, posts0_.author as author4_0_, posts0_.content as content5_0_, posts0_.title as title6_0_ from posts posts0_ order by posts0_.id DESC
]]></system-out>
  <system-err><![CDATA[]]></system-err>
</testsuite>
